<html>
<head>
<title>TestNG:  Default test</title>
<link href="../testng.css" rel="stylesheet" type="text/css" />
<link href="../my-testng.css" rel="stylesheet" type="text/css" />

<style type="text/css">
.log { display: none;} 
.stack-trace { display: none;} 
</style>
<script type="text/javascript">
<!--
function flip(e) {
  current = e.style.display;
  if (current == 'block') {
    e.style.display = 'none';
    return 0;
  }
  else {
    e.style.display = 'block';
    return 1;
  }
}

function toggleBox(szDivId, elem, msg1, msg2)
{
  var res = -1;  if (document.getElementById) {
    res = flip(document.getElementById(szDivId));
  }
  else if (document.all) {
    // this is the way old msie versions work
    res = flip(document.all[szDivId]);
  }
  if(elem) {
    if(res == 0) elem.innerHTML = msg1; else elem.innerHTML = msg2;
  }

}

function toggleAllBoxes() {
  if (document.getElementsByTagName) {
    d = document.getElementsByTagName('div');
    for (i = 0; i < d.length; i++) {
      if (d[i].className == 'log') {
        flip(d[i]);
      }
    }
  }
}

// -->
</script>

</head>
<body>
<h2 align='center'>Default test</h2><table border='1' align="center">
<tr>
<td>Tests passed/Failed/Skipped:</td><td>0/0/12</td>
</tr><tr>
<td>Started on:</td><td>Mon Jul 08 21:20:42 IST 2019</td>
</tr>
<tr><td>Total time:</td><td>11 seconds (11366 ms)</td>
</tr><tr>
<td>Included groups:</td><td></td>
</tr><tr>
<td>Excluded groups:</td><td></td>
</tr>
</table><p/>
<small><i>(Hover the method name to see the test class name)</i></small><p/>
<table width='100%' border='1' class='invocation-failed'>
<tr><td colspan='4' align='center'><b>FAILED CONFIGURATIONS</b></td></tr>
<tr><td><b>Test method</b></td>
<td width="30%"><b>Exception</b></td>
<td width="10%"><b>Time (seconds)</b></td>
<td><b>Instance</b></td>
</tr>
<tr>
<td title='com.blablacar.qa.testcases.FooterPageTest.Setup()'><b>Setup</b><br>Test class: com.blablacar.qa.testcases.FooterPageTest</td>
<td><div><pre>org.openqa.selenium.WebDriverException: Failed to decode response from marionette
Build info: version: &apos;3.5.2&apos;, revision: &apos;10229a9&apos;, time: &apos;2017-08-21T17:29:55.15Z&apos;
System info: host: &apos;LAPTOP-RBK62AVK&apos;, ip: &apos;192.168.0.101&apos;, os.name: &apos;Windows 10&apos;, os.arch: &apos;amd64&apos;, os.version: &apos;10.0&apos;, java.version: &apos;1.8.0_161&apos;
Driver info: org.openqa.selenium.firefox.FirefoxDriver
Capabilities [{moz:profile=C:\Users\imRajesh\AppData\Local\Temp\rust_mozprofile.2XUC5NHwoy9P, rotatable=false, timeouts={implicit=0, pageLoad=300000, script=30000}, pageLoadStrategy=normal, platform=ANY, specificationLevel=0, moz:accessibilityChecks=false, acceptInsecureCerts=false, browserVersion=53.0.3, platformVersion=10.0, moz:processID=11204, browserName=firefox, javascriptEnabled=true, platformName=windows_nt}]
Session ID: 85d98cd6-8c80-4e16-8691-2ba0cd25275b
	at sun.reflect.NativeConstructorAccessorImpl.newInstance0(Native Method)
	at sun.reflect.NativeConstructorAccessorImpl.newInstance(Unknown Source)
	at sun.reflect.DelegatingConstructorAccessorImpl.newInstance(Unknown Source)
	at java.lang.reflect.Constructor.newInstance(Unknown Source)
	at org.openqa.selenium.remote.http.W3CHttpResponseCodec.createException(W3CHttpResponseCodec.java:185)
	at org.openqa.selenium.remote.http.W3CHttpResponseCodec.decode(W3CHttpResponseCodec.java:120)
	at org.openqa.selenium.remote.http.W3CHttpResponseCodec.decode(W3CHttpResponseCodec.java:49)
	at org.openqa.selenium.remote.HttpCommandExecutor.execute(HttpCommandExecutor.java:164)
	at org.openqa.selenium.remote.service.DriverCommandExecutor.execute(DriverCommandExecutor.java:82)
	at org.openqa.selenium.remote.RemoteWebDriver.execute(RemoteWebDriver.java:641)
	at org.openqa.selenium.remote.RemoteWebDriver.get(RemoteWebDriver.java:368)
	at com.blablacar.qa.base.TestBase.Initialization(TestBase.java:59)
	at com.blablacar.qa.testcases.FooterPageTest.Setup(FooterPageTest.java:27)
	at sun.reflect.NativeMethodAccessorImpl.invoke0(Native Method)
	at sun.reflect.NativeMethodAccessorImpl.invoke(Unknown Source)
	at sun.reflect.DelegatingMethodAccessorImpl.invoke(Unknown Source)
	at java.lang.reflect.Method.invoke(Unknown Source)
	at org.testng.internal.MethodInvocationHelper.invokeMethod(MethodInvocationHelper.java:86)
	at org.testng.internal.Invoker.invokeConfigurationMethod(Invoker.java:514)
	at org.testng.internal.Invoker.invokeConfigurations(Invoker.java:215)
	at org.testng.internal.Invoker.invokeMethod(Invoker.java:589)
	at org.testng.internal.Invoker.invokeTestMethod(Invoker.java:822)
	at org.testng.internal.Invoker.invokeTestMethods(Invoker.java:1130)
	at org.testng.internal.TestMethodWorker.invokeTestMethods(TestMethodWorker.java:129)
	at org.testng.internal.TestMethodWorker.run(TestMethodWorker.java:112)
	at org.testng.TestRunner.privateRun(TestRunner.java:782)
	at org.testng.TestRunner.run(TestRunner.java:632)
	at org.testng.SuiteRunner.runTest(SuiteRunner.java:366)
	at org.testng.SuiteRunner.runSequentially(SuiteRunner.java:361)
	at org.testng.SuiteRunner.privateRun(SuiteRunner.java:319)
	at org.testng.SuiteRunner.run(SuiteRunner.java:268)
	at org.testng.SuiteRunnerWorker.runSuite(SuiteRunnerWorker.java:52)
	at org.testng.SuiteRunnerWorker.run(SuiteRunnerWorker.java:86)
	at org.testng.TestNG.runSuitesSequentially(TestNG.java:1244)
	at org.testng.TestNG.runSuitesLocally(TestNG.java:1169)
	at org.testng.TestNG.run(TestNG.java:1064)
	at org.testng.remote.RemoteTestNG.run(RemoteTestNG.java:113)
	at org.testng.remote.RemoteTestNG.initAndRun(RemoteTestNG.java:206)
	at org.testng.remote.RemoteTestNG.main(RemoteTestNG.java:177)
</pre></div><a href='#' onClick='toggleBox("stack-trace1293241549", this, "Click to show all stack frames", "Click to hide stack frames")'>Click to show all stack frames</a>
<div class='stack-trace' id='stack-trace1293241549'><pre>org.openqa.selenium.WebDriverException: Failed to decode response from marionette
Build info: version: &apos;3.5.2&apos;, revision: &apos;10229a9&apos;, time: &apos;2017-08-21T17:29:55.15Z&apos;
System info: host: &apos;LAPTOP-RBK62AVK&apos;, ip: &apos;192.168.0.101&apos;, os.name: &apos;Windows 10&apos;, os.arch: &apos;amd64&apos;, os.version: &apos;10.0&apos;, java.version: &apos;1.8.0_161&apos;
Driver info: org.openqa.selenium.firefox.FirefoxDriver
Capabilities [{moz:profile=C:\Users\imRajesh\AppData\Local\Temp\rust_mozprofile.2XUC5NHwoy9P, rotatable=false, timeouts={implicit=0, pageLoad=300000, script=30000}, pageLoadStrategy=normal, platform=ANY, specificationLevel=0, moz:accessibilityChecks=false, acceptInsecureCerts=false, browserVersion=53.0.3, platformVersion=10.0, moz:processID=11204, browserName=firefox, javascriptEnabled=true, platformName=windows_nt}]
Session ID: 85d98cd6-8c80-4e16-8691-2ba0cd25275b
	at sun.reflect.NativeConstructorAccessorImpl.newInstance0(Native Method)
	at sun.reflect.NativeConstructorAccessorImpl.newInstance(Unknown Source)
	at sun.reflect.DelegatingConstructorAccessorImpl.newInstance(Unknown Source)
	at java.lang.reflect.Constructor.newInstance(Unknown Source)
	at org.openqa.selenium.remote.http.W3CHttpResponseCodec.createException(W3CHttpResponseCodec.java:185)
	at org.openqa.selenium.remote.http.W3CHttpResponseCodec.decode(W3CHttpResponseCodec.java:120)
	at org.openqa.selenium.remote.http.W3CHttpResponseCodec.decode(W3CHttpResponseCodec.java:49)
	at org.openqa.selenium.remote.HttpCommandExecutor.execute(HttpCommandExecutor.java:164)
	at org.openqa.selenium.remote.service.DriverCommandExecutor.execute(DriverCommandExecutor.java:82)
	at org.openqa.selenium.remote.RemoteWebDriver.execute(RemoteWebDriver.java:641)
	at org.openqa.selenium.remote.RemoteWebDriver.get(RemoteWebDriver.java:368)
	at com.blablacar.qa.base.TestBase.Initialization(TestBase.java:59)
	at com.blablacar.qa.testcases.FooterPageTest.Setup(FooterPageTest.java:27)
	at sun.reflect.NativeMethodAccessorImpl.invoke0(Native Method)
	at sun.reflect.NativeMethodAccessorImpl.invoke(Unknown Source)
	at sun.reflect.DelegatingMethodAccessorImpl.invoke(Unknown Source)
	at java.lang.reflect.Method.invoke(Unknown Source)
	at org.testng.internal.MethodInvocationHelper.invokeMethod(MethodInvocationHelper.java:86)
	at org.testng.internal.Invoker.invokeConfigurationMethod(Invoker.java:514)
	at org.testng.internal.Invoker.invokeConfigurations(Invoker.java:215)
	at org.testng.internal.Invoker.invokeMethod(Invoker.java:589)
	at org.testng.internal.Invoker.invokeTestMethod(Invoker.java:822)
	at org.testng.internal.Invoker.invokeTestMethods(Invoker.java:1130)
	at org.testng.internal.TestMethodWorker.invokeTestMethods(TestMethodWorker.java:129)
	at org.testng.internal.TestMethodWorker.run(TestMethodWorker.java:112)
	at org.testng.TestRunner.privateRun(TestRunner.java:782)
	at org.testng.TestRunner.run(TestRunner.java:632)
	at org.testng.SuiteRunner.runTest(SuiteRunner.java:366)
	at org.testng.SuiteRunner.runSequentially(SuiteRunner.java:361)
	at org.testng.SuiteRunner.privateRun(SuiteRunner.java:319)
	at org.testng.SuiteRunner.run(SuiteRunner.java:268)
	at org.testng.SuiteRunnerWorker.runSuite(SuiteRunnerWorker.java:52)
	at org.testng.SuiteRunnerWorker.run(SuiteRunnerWorker.java:86)
	at org.testng.TestNG.runSuitesSequentially(TestNG.java:1244)
	at org.testng.TestNG.runSuitesLocally(TestNG.java:1169)
	at org.testng.TestNG.run(TestNG.java:1064)
	at org.testng.remote.RemoteTestNG.run(RemoteTestNG.java:113)
	at org.testng.remote.RemoteTestNG.initAndRun(RemoteTestNG.java:206)
	at org.testng.remote.RemoteTestNG.main(RemoteTestNG.java:177)
</pre></div></td>
<td>0</td>
<td>com.blablacar.qa.testcases.FooterPageTest@59a6e353</td></tr>
</table><p>
<table width='100%' border='1' class='invocation-skipped'>
<tr><td colspan='4' align='center'><b>SKIPPED CONFIGURATIONS</b></td></tr>
<tr><td><b>Test method</b></td>
<td width="30%"><b>Exception</b></td>
<td width="10%"><b>Time (seconds)</b></td>
<td><b>Instance</b></td>
</tr>
<tr>
<td title='com.blablacar.qa.testcases.FooterPageTest.Setup()'><b>Setup</b><br>Test class: com.blablacar.qa.testcases.FooterPageTest</td>
<td></td>
<td>0</td>
<td>com.blablacar.qa.testcases.FooterPageTest@59a6e353</td></tr>
<tr>
<td title='com.blablacar.qa.testcases.FooterPageTest.Setup()'><b>Setup</b><br>Test class: com.blablacar.qa.testcases.FooterPageTest</td>
<td></td>
<td>0</td>
<td>com.blablacar.qa.testcases.FooterPageTest@59a6e353</td></tr>
<tr>
<td title='com.blablacar.qa.testcases.FooterPageTest.Setup()'><b>Setup</b><br>Test class: com.blablacar.qa.testcases.FooterPageTest</td>
<td></td>
<td>0</td>
<td>com.blablacar.qa.testcases.FooterPageTest@59a6e353</td></tr>
<tr>
<td title='com.blablacar.qa.testcases.FooterPageTest.Setup()'><b>Setup</b><br>Test class: com.blablacar.qa.testcases.FooterPageTest</td>
<td></td>
<td>0</td>
<td>com.blablacar.qa.testcases.FooterPageTest@59a6e353</td></tr>
<tr>
<td title='com.blablacar.qa.testcases.FooterPageTest.Setup()'><b>Setup</b><br>Test class: com.blablacar.qa.testcases.FooterPageTest</td>
<td></td>
<td>0</td>
<td>com.blablacar.qa.testcases.FooterPageTest@59a6e353</td></tr>
<tr>
<td title='com.blablacar.qa.testcases.FooterPageTest.Setup()'><b>Setup</b><br>Test class: com.blablacar.qa.testcases.FooterPageTest</td>
<td></td>
<td>0</td>
<td>com.blablacar.qa.testcases.FooterPageTest@59a6e353</td></tr>
<tr>
<td title='com.blablacar.qa.testcases.FooterPageTest.Setup()'><b>Setup</b><br>Test class: com.blablacar.qa.testcases.FooterPageTest</td>
<td></td>
<td>0</td>
<td>com.blablacar.qa.testcases.FooterPageTest@59a6e353</td></tr>
<tr>
<td title='com.blablacar.qa.testcases.FooterPageTest.Setup()'><b>Setup</b><br>Test class: com.blablacar.qa.testcases.FooterPageTest</td>
<td></td>
<td>0</td>
<td>com.blablacar.qa.testcases.FooterPageTest@59a6e353</td></tr>
<tr>
<td title='com.blablacar.qa.testcases.FooterPageTest.Setup()'><b>Setup</b><br>Test class: com.blablacar.qa.testcases.FooterPageTest</td>
<td></td>
<td>0</td>
<td>com.blablacar.qa.testcases.FooterPageTest@59a6e353</td></tr>
<tr>
<td title='com.blablacar.qa.testcases.FooterPageTest.Setup()'><b>Setup</b><br>Test class: com.blablacar.qa.testcases.FooterPageTest</td>
<td></td>
<td>0</td>
<td>com.blablacar.qa.testcases.FooterPageTest@59a6e353</td></tr>
<tr>
<td title='com.blablacar.qa.testcases.FooterPageTest.Setup()'><b>Setup</b><br>Test class: com.blablacar.qa.testcases.FooterPageTest</td>
<td></td>
<td>0</td>
<td>com.blablacar.qa.testcases.FooterPageTest@59a6e353</td></tr>
</table><p>
<table width='100%' border='1' class='invocation-skipped'>
<tr><td colspan='4' align='center'><b>SKIPPED TESTS</b></td></tr>
<tr><td><b>Test method</b></td>
<td width="30%"><b>Exception</b></td>
<td width="10%"><b>Time (seconds)</b></td>
<td><b>Instance</b></td>
</tr>
<tr>
<td title='com.blablacar.qa.testcases.FooterPageTest.ValidateAboutUsLinkTest()'><b>ValidateAboutUsLinkTest</b><br>Test class: com.blablacar.qa.testcases.FooterPageTest</td>
<td></td>
<td>0</td>
<td>com.blablacar.qa.testcases.FooterPageTest@59a6e353</td></tr>
<tr>
<td title='com.blablacar.qa.testcases.FooterPageTest.ValidateContactLinkTest()'><b>ValidateContactLinkTest</b><br>Test class: com.blablacar.qa.testcases.FooterPageTest</td>
<td></td>
<td>0</td>
<td>com.blablacar.qa.testcases.FooterPageTest@59a6e353</td></tr>
<tr>
<td title='com.blablacar.qa.testcases.FooterPageTest.ValidateFAQsLinkTest()'><b>ValidateFAQsLinkTest</b><br>Test class: com.blablacar.qa.testcases.FooterPageTest</td>
<td></td>
<td>0</td>
<td>com.blablacar.qa.testcases.FooterPageTest@59a6e353</td></tr>
<tr>
<td title='com.blablacar.qa.testcases.FooterPageTest.ValidateFacebookLinkTest()'><b>ValidateFacebookLinkTest</b><br>Test class: com.blablacar.qa.testcases.FooterPageTest</td>
<td></td>
<td>0</td>
<td>com.blablacar.qa.testcases.FooterPageTest@59a6e353</td></tr>
<tr>
<td title='com.blablacar.qa.testcases.FooterPageTest.ValidateFindOutMoreLinkTest()'><b>ValidateFindOutMoreLinkTest</b><br>Test class: com.blablacar.qa.testcases.FooterPageTest</td>
<td></td>
<td>0</td>
<td>com.blablacar.qa.testcases.FooterPageTest@59a6e353</td></tr>
<tr>
<td title='com.blablacar.qa.testcases.FooterPageTest.ValidateHowItWorksLinkTest()'><b>ValidateHowItWorksLinkTest</b><br>Test class: com.blablacar.qa.testcases.FooterPageTest</td>
<td></td>
<td>0</td>
<td>com.blablacar.qa.testcases.FooterPageTest@59a6e353</td></tr>
<tr>
<td title='com.blablacar.qa.testcases.FooterPageTest.ValidateInstagramLinkTest()'><b>ValidateInstagramLinkTest</b><br>Test class: com.blablacar.qa.testcases.FooterPageTest</td>
<td></td>
<td>0</td>
<td>com.blablacar.qa.testcases.FooterPageTest@59a6e353</td></tr>
<tr>
<td title='com.blablacar.qa.testcases.FooterPageTest.ValidatePressLinkTest()'><b>ValidatePressLinkTest</b><br>Test class: com.blablacar.qa.testcases.FooterPageTest</td>
<td></td>
<td>0</td>
<td>com.blablacar.qa.testcases.FooterPageTest@59a6e353</td></tr>
<tr>
<td title='com.blablacar.qa.testcases.FooterPageTest.ValidateTermsAndConditionsLinkTest()'><b>ValidateTermsAndConditionsLinkTest</b><br>Test class: com.blablacar.qa.testcases.FooterPageTest</td>
<td></td>
<td>0</td>
<td>com.blablacar.qa.testcases.FooterPageTest@59a6e353</td></tr>
<tr>
<td title='com.blablacar.qa.testcases.FooterPageTest.ValidateTwitterLinkTest()'><b>ValidateTwitterLinkTest</b><br>Test class: com.blablacar.qa.testcases.FooterPageTest</td>
<td></td>
<td>0</td>
<td>com.blablacar.qa.testcases.FooterPageTest@59a6e353</td></tr>
<tr>
<td title='com.blablacar.qa.testcases.FooterPageTest.ValidateWeAreHiringLinkTest()'><b>ValidateWeAreHiringLinkTest</b><br>Test class: com.blablacar.qa.testcases.FooterPageTest</td>
<td></td>
<td>0</td>
<td>com.blablacar.qa.testcases.FooterPageTest@59a6e353</td></tr>
<tr>
<td title='com.blablacar.qa.testcases.FooterPageTest.ValidateYoutubeLinkTest()'><b>ValidateYoutubeLinkTest</b><br>Test class: com.blablacar.qa.testcases.FooterPageTest</td>
<td></td>
<td>0</td>
<td>com.blablacar.qa.testcases.FooterPageTest@59a6e353</td></tr>
</table><p>
</body>
</html>